<?xml version="1.0" encoding="UTF-8"?>
<!-- Generated by org.testng.reporters.JUnitReportReporter -->
<testsuite hostname="ip-172-31-18-165" failures="0" tests="1" name="test.TestngFirst" time="0.022" errors="0" timestamp="20 Mar 2022 11:17:49 GMT">
  <testcase classname="test.TestngFirst" name="verifyHomepageTitle" time="0.022"/>
</testsuite> <!-- test.TestngFirst -->
